<?xml version="1.0" encoding="UTF-8"?>
<!-- Generated by org.testng.reporters.JUnitXMLReporter -->
<testsuite ignored="0" hostname="LAPTOP-5025VGK9" failures="0" tests="6" name="Default test" time="153.468" errors="0" timestamp="2022-04-28T22:36:11 IST">
  <testcase classname="testNG.DataProviderTestNG" name="loginTest" time="9.899"/>
  <testcase classname="testNG.DataProviderTestNG" name="loginTest" time="29.179"/>
  <testcase classname="testNG.DataProviderTestNG" name="loginTest" time="4.371"/>
  <testcase classname="testNG.DataProviderTestNG" name="loginTest" time="30.891"/>
  <testcase classname="testNG.DataProviderTestNG" name="loginTest" time="8.759"/>
  <testcase classname="testNG.DataProviderTestNG" name="loginTest" time="17.059"/>
</testsuite> <!-- Default test -->
