<?xml version="1.0" encoding="UTF-8"?>
<!-- Generated by org.testng.reporters.JUnitXMLReporter -->
<testsuite ignored="0" hostname="LAPTOP-5025VGK9" failures="0" tests="6" name="Test" time="0.055" errors="0" timestamp="2022-04-24T18:15:25 IST">
  <testcase classname="testNG.Class1" name="addVendor" time="0.003"/>
  <testcase classname="testNG.Class1" name="addProduct" time="0.001"/>
  <testcase classname="testNG.Class1" name="addCurrency" time="0.001"/>
  <testcase classname="testNG.Class2" name="deleteVendor" time="0.001"/>
  <testcase classname="testNG.Class2" name="deleteProduct" time="0.001"/>
  <testcase classname="testNG.Class2" name="deleteCurrency" time="0.001"/>
</testsuite> <!-- Test -->
