<?xml version="1.0" encoding="UTF-8"?>
<testng-results ignored="0" total="6" passed="6" failed="0" skipped="0">
  <reporter-output>
  </reporter-output>
  <suite started-at="2022-04-28T22:33:37 IST" name="Default suite" finished-at="2022-04-28T22:36:11 IST" duration-ms="153468">
    <groups>
    </groups>
    <test started-at="2022-04-28T22:33:37 IST" name="Default test" finished-at="2022-04-28T22:36:11 IST" duration-ms="153468">
      <class name="testNG.DataProviderTestNG">
        <test-method is-config="true" signature="launchApp()[pri:0, instance:testNG.DataProviderTestNG@6572421]" started-at="2022-04-28T22:33:38 IST" name="launchApp" finished-at="2022-04-28T22:33:43 IST" duration-ms="5413" status="PASS">
          <reporter-output>
          </reporter-output>
        </test-method> <!-- launchApp -->
        <test-method signature="loginTest(java.lang.String,java.lang.String)[pri:0, instance:testNG.DataProviderTestNG@6572421]" started-at="2022-04-28T22:33:43 IST" name="loginTest" data-provider="getLoginData" finished-at="2022-04-28T22:33:53 IST" duration-ms="9899" status="PASS">
          <params>
            <param index="0">
              <value>
                <![CDATA[Username]]>
              </value>
            </param>
            <param index="1">
              <value>
                <![CDATA[Password]]>
              </value>
            </param>
          </params>
          <reporter-output>
          </reporter-output>
        </test-method> <!-- loginTest -->
        <test-method is-config="true" signature="tearDown()[pri:0, instance:testNG.DataProviderTestNG@6572421]" started-at="2022-04-28T22:33:53 IST" name="tearDown" finished-at="2022-04-28T22:33:56 IST" duration-ms="3309" status="PASS">
          <reporter-output>
          </reporter-output>
        </test-method> <!-- tearDown -->
        <test-method is-config="true" signature="launchApp()[pri:0, instance:testNG.DataProviderTestNG@6572421]" started-at="2022-04-28T22:33:56 IST" name="launchApp" finished-at="2022-04-28T22:34:03 IST" duration-ms="6178" status="PASS">
          <reporter-output>
          </reporter-output>
        </test-method> <!-- launchApp -->
        <test-method signature="loginTest(java.lang.String,java.lang.String)[pri:0, instance:testNG.DataProviderTestNG@6572421]" started-at="2022-04-28T22:34:03 IST" name="loginTest" data-provider="getLoginData" finished-at="2022-04-28T22:34:32 IST" duration-ms="29179" status="PASS">
          <params>
            <param index="0">
              <value>
                <![CDATA[Saurabh123]]>
              </value>
            </param>
            <param index="1">
              <value>
                <![CDATA[India@123]]>
              </value>
            </param>
          </params>
          <reporter-output>
          </reporter-output>
        </test-method> <!-- loginTest -->
        <test-method is-config="true" signature="tearDown()[pri:0, instance:testNG.DataProviderTestNG@6572421]" started-at="2022-04-28T22:34:32 IST" name="tearDown" finished-at="2022-04-28T22:34:35 IST" duration-ms="3195" status="PASS">
          <reporter-output>
          </reporter-output>
        </test-method> <!-- tearDown -->
        <test-method is-config="true" signature="launchApp()[pri:0, instance:testNG.DataProviderTestNG@6572421]" started-at="2022-04-28T22:34:35 IST" name="launchApp" finished-at="2022-04-28T22:34:41 IST" duration-ms="6432" status="PASS">
          <reporter-output>
          </reporter-output>
        </test-method> <!-- launchApp -->
        <test-method signature="loginTest(java.lang.String,java.lang.String)[pri:0, instance:testNG.DataProviderTestNG@6572421]" started-at="2022-04-28T22:34:41 IST" name="loginTest" data-provider="getLoginData" finished-at="2022-04-28T22:34:46 IST" duration-ms="4371" status="PASS">
          <params>
            <param index="0">
              <value>
                <![CDATA[Saurabh124]]>
              </value>
            </param>
            <param index="1">
              <value>
                <![CDATA[India@124]]>
              </value>
            </param>
          </params>
          <reporter-output>
          </reporter-output>
        </test-method> <!-- loginTest -->
        <test-method is-config="true" signature="tearDown()[pri:0, instance:testNG.DataProviderTestNG@6572421]" started-at="2022-04-28T22:34:46 IST" name="tearDown" finished-at="2022-04-28T22:34:49 IST" duration-ms="3246" status="PASS">
          <reporter-output>
          </reporter-output>
        </test-method> <!-- tearDown -->
        <test-method is-config="true" signature="launchApp()[pri:0, instance:testNG.DataProviderTestNG@6572421]" started-at="2022-04-28T22:34:49 IST" name="launchApp" finished-at="2022-04-28T22:34:54 IST" duration-ms="4597" status="PASS">
          <reporter-output>
          </reporter-output>
        </test-method> <!-- launchApp -->
        <test-method signature="loginTest(java.lang.String,java.lang.String)[pri:0, instance:testNG.DataProviderTestNG@6572421]" started-at="2022-04-28T22:34:54 IST" name="loginTest" data-provider="getLoginData" finished-at="2022-04-28T22:35:24 IST" duration-ms="30891" status="PASS">
          <params>
            <param index="0">
              <value>
                <![CDATA[Saurabh125]]>
              </value>
            </param>
            <param index="1">
              <value>
                <![CDATA[India@125]]>
              </value>
            </param>
          </params>
          <reporter-output>
          </reporter-output>
        </test-method> <!-- loginTest -->
        <test-method is-config="true" signature="tearDown()[pri:0, instance:testNG.DataProviderTestNG@6572421]" started-at="2022-04-28T22:35:24 IST" name="tearDown" finished-at="2022-04-28T22:35:28 IST" duration-ms="3193" status="PASS">
          <reporter-output>
          </reporter-output>
        </test-method> <!-- tearDown -->
        <test-method is-config="true" signature="launchApp()[pri:0, instance:testNG.DataProviderTestNG@6572421]" started-at="2022-04-28T22:35:28 IST" name="launchApp" finished-at="2022-04-28T22:35:33 IST" duration-ms="5459" status="PASS">
          <reporter-output>
          </reporter-output>
        </test-method> <!-- launchApp -->
        <test-method signature="loginTest(java.lang.String,java.lang.String)[pri:0, instance:testNG.DataProviderTestNG@6572421]" started-at="2022-04-28T22:35:33 IST" name="loginTest" data-provider="getLoginData" finished-at="2022-04-28T22:35:42 IST" duration-ms="8759" status="PASS">
          <params>
            <param index="0">
              <value>
                <![CDATA[Saurabh126]]>
              </value>
            </param>
            <param index="1">
              <value>
                <![CDATA[India@126]]>
              </value>
            </param>
          </params>
          <reporter-output>
          </reporter-output>
        </test-method> <!-- loginTest -->
        <test-method is-config="true" signature="tearDown()[pri:0, instance:testNG.DataProviderTestNG@6572421]" started-at="2022-04-28T22:35:42 IST" name="tearDown" finished-at="2022-04-28T22:35:45 IST" duration-ms="3382" status="PASS">
          <reporter-output>
          </reporter-output>
        </test-method> <!-- tearDown -->
        <test-method is-config="true" signature="launchApp()[pri:0, instance:testNG.DataProviderTestNG@6572421]" started-at="2022-04-28T22:35:45 IST" name="launchApp" finished-at="2022-04-28T22:35:50 IST" duration-ms="4891" status="PASS">
          <reporter-output>
          </reporter-output>
        </test-method> <!-- launchApp -->
        <test-method signature="loginTest(java.lang.String,java.lang.String)[pri:0, instance:testNG.DataProviderTestNG@6572421]" started-at="2022-04-28T22:35:50 IST" name="loginTest" data-provider="getLoginData" finished-at="2022-04-28T22:36:07 IST" duration-ms="17059" status="PASS">
          <params>
            <param index="0">
              <value>
                <![CDATA[Saurabh128]]>
              </value>
            </param>
            <param index="1">
              <value>
                <![CDATA[India@127]]>
              </value>
            </param>
          </params>
          <reporter-output>
          </reporter-output>
        </test-method> <!-- loginTest -->
        <test-method is-config="true" signature="tearDown()[pri:0, instance:testNG.DataProviderTestNG@6572421]" started-at="2022-04-28T22:36:07 IST" name="tearDown" finished-at="2022-04-28T22:36:11 IST" duration-ms="3324" status="PASS">
          <reporter-output>
          </reporter-output>
        </test-method> <!-- tearDown -->
      </class> <!-- testNG.DataProviderTestNG -->
    </test> <!-- Default test -->
  </suite> <!-- Default suite -->
</testng-results>
